Agent pid 74387
Agent pid 74402
Unpacking file 0...
Unpacking file 1...
Unpacking file 2...
Unpacking file 3...
Unpacking file 4...
Unpacking file 5...
Unpacking file 6...
Unpacking file 7...
Unpacking file 8...
Unpacking file 9...
Unpacking file 10...
Unpacking file 11...
Unpacking file 12...
Unpacking file 13...
Unpacking file 14...
Unpacking file 15...
Unpacking file 16...
Unpacking file 17...
Unpacking file 18...
Unpacking file 19...
Unpacking file 20...
Unpacking file 21...
Unpacking file 22...
Unpacking file 23...
Unpacking file 24...
Unpacking file 25...
Unpacking file 26...
Unpacking file 27...
Unpacking file 28...
Unpacking file 29...
Unpacking file 30...
Unpacking file 31...
Unpacking file 32...
Unpacking file 33...
Unpacking file 34...
Unpacking file 35...
Unpacking file 36...
Unpacking file 37...
Unpacking file 38...
Unpacking file 39...
Unpacking file 40...
Unpacking file 41...
Unpacking file 42...
Unpacking file 43...
Unpacking file 44...
Unpacking file 45...
Unpacking file 46...
Unpacking file 47...
Unpacking file 48...
Unpacking file 49...
Unpacking file 50...
Unpacking file 51...
Unpacking file 52...
Unpacking file 53...
Unpacking file 54...
Unpacking file 55...
Unpacking file 56...
Unpacking file 57...
Unpacking file 58...
Unpacking file 59...
Unpacking file 60...
Unpacking file 61...
Unpacking file 62...
Unpacking file 63...
Unpacking file 64...
Unpacking file 65...
Unpacking file 66...
Unpacking file 67...
Unpacking file 68...
Unpacking file 69...
Unpacking file 70...
Unpacking file 71...
Unpacking file 72...
Unpacking file 73...
Unpacking file 74...
Unpacking file 75...
Unpacking file 76...
Unpacking file 77...
Unpacking file 78...
Unpacking file 79...
Unpacking file 80...
Unpacking file 81...
Unpacking file 82...
Unpacking file 83...
Unpacking file 84...
Unpacking file 85...
Unpacking file 86...
Unpacking file 87...
Unpacking file 88...
Unpacking file 89...
Unpacking file 90...
Unpacking file 91...
Unpacking file 92...
Unpacking file 93...
Unpacking file 94...
Unpacking file 95...
Unpacking file 96...
Unpacking file 97...
Unpacking file 98...
Unpacking file 99...
Unpacking file 100...
Unpacking file 101...
Unpacking file 102...
Unpacking file 103...
Unpacking file 104...
Unpacking file 105...
Unpacking file 106...
Unpacking file 107...
Unpacking file 108...
Unpacking file 109...
Unpacking file 110...
Unpacking file 111...
Unpacking file 112...
Unpacking file 113...
Unpacking file 114...
Unpacking file 115...
Unpacking file 116...
Unpacking file 117...
Unpacking file 118...
Unpacking file 119...
Unpacking file 120...
Unpacking file 121...
Unpacking file 122...
Unpacking file 123...
Unpacking file 124...
Unpacking file 125...
Unpacking file 126...
Unpacking file 127...
Unpacking file 128...
Unpacking file 129...
Unpacking file 130...
Unpacking file 131...
Unpacking file 132...
Unpacking file 133...
Unpacking file 134...
Unpacking file 135...
Unpacking file 136...
Unpacking file 137...
Unpacking file 138...
Unpacking file 139...
Unpacking file 140...
Unpacking file 141...
Unpacking file 142...
Unpacking file 143...
Unpacking file 144...
Unpacking file 145...
Unpacking file 146...
Unpacking file 147...
Unpacking file 148...
Unpacking file 149...
Unpacking file 150...
Unpacking file 151...
Unpacking file 152...
Unpacking file 153...
Unpacking file 154...
Unpacking file 155...
Unpacking file 156...
Unpacking file 157...
Unpacking file 158...
Unpacking file 159...
Unpacking file 160...
Unpacking file 161...
Unpacking file 162...
Unpacking file 163...
Unpacking file 164...
Unpacking file 165...
Unpacking file 166...
Unpacking file 167...
Unpacking file 168...
Unpacking file 169...
Unpacking file 170...
Unpacking file 171...
Unpacking file 172...
Unpacking file 173...
Unpacking file 174...
Unpacking file 175...
Unpacking file 176...
Unpacking file 177...
Unpacking file 178...
Unpacking file 179...
Unpacking file 180...
Unpacking file 181...
Unpacking file 182...
Unpacking file 183...
Unpacking file 184...
Unpacking file 185...
Unpacking file 186...
Unpacking file 187...
Unpacking file 188...
Unpacking file 189...
Unpacking file 190...
Unpacking file 191...
Unpacking file 192...
Unpacking file 193...
Unpacking file 194...
Unpacking file 195...
Unpacking file 196...
Unpacking file 197...
Unpacking file 198...
Unpacking file 199...
Unpacking file 200...
Unpacking file 201...
Unpacking file 202...
Unpacking file 203...
Unpacking file 204...
Unpacking file 205...
Unpacking file 206...
Unpacking file 207...
Unpacking file 208...
Unpacking file 209...
Unpacking file 210...
Unpacking file 211...
Unpacking file 212...
Unpacking file 213...
Unpacking file 214...
Unpacking file 215...
Unpacking file 216...
Unpacking file 217...
Unpacking file 218...
Unpacking file 219...
Unpacking file 220...
Unpacking file 221...
Unpacking file 222...
Unpacking file 223...
Unpacking file 224...
Unpacking file 225...
Unpacking file 226...
Unpacking file 227...
Unpacking file 228...
Unpacking file 229...
Unpacking file 230...
Unpacking file 231...
Unpacking file 232...
Unpacking file 233...
Unpacking file 234...
Unpacking file 235...
Unpacking file 236...
Unpacking file 237...
Unpacking file 238...
Unpacking file 239...
Unpacking file 240...
Unpacking file 241...
Unpacking file 242...
Unpacking file 243...
Unpacking file 244...
Unpacking file 245...
Unpacking file 246...
Unpacking file 247...
Unpacking file 248...
Unpacking file 249...
Unpacking file 250...
Unpacking file 251...
Unpacking file 252...
Unpacking file 253...
Unpacking file 254...
Unpacking file 255...
Unpacking file 256...
Unpacking file 257...
Unpacking file 258...
Unpacking file 259...
Unpacking file 260...
Unpacking file 261...
Unpacking file 262...
Unpacking file 263...
Unpacking file 264...
Unpacking file 265...
Unpacking file 266...
Unpacking file 267...
Unpacking file 268...
Unpacking file 269...
Unpacking file 270...
Unpacking file 271...
Unpacking file 272...
Unpacking file 273...
Unpacking file 274...
Unpacking file 275...
Unpacking file 276...
Unpacking file 277...
Unpacking file 278...
Unpacking file 279...
Unpacking file 280...
Unpacking file 281...
Unpacking file 282...
Unpacking file 283...
Unpacking file 284...
Unpacking file 285...
Unpacking file 286...
Unpacking file 287...
Unpacking file 288...
Unpacking file 289...
Unpacking file 290...
Unpacking file 291...
Unpacking file 292...
Unpacking file 293...
Unpacking file 294...
Total number of conformers saved 6922516
Total number of atoms in the dataset 322877623
Average number of atoms per molecule 46.64165788854804
Dataset processed.
DONE.
